Using pre-set license
Built from '2020.3/staging' branch; Version is '2020.3.15f1 (5e502cb56e17) revision 6180908'; Using compiler version '192528614'; Build Type 'Release'
OS: 'Windows 10 Home; OS build 19042.1165; Version 2009; 64bit' Language: 'ja' Physical Memory: 16238 MB
BatchMode: 1, IsHumanControllingUs: 0, StartBugReporterOnCrash: 0, Is64bit: 1, IsPro: 0

 COMMAND LINE ARGUMENTS:
C:\Users\base0\Downloads\2020.3.15f1\Editor\Unity.exe
-adb2
-batchMode
-noUpm
-name
AssetImportWorker0
-projectPath
C:/Users/base0/test/New Unity Project
-logFile
Logs/AssetImportWorker0.log
-srvPort
54362
Successfully changed project path to: C:/Users/base0/test/New Unity Project
C:/Users/base0/test/New Unity Project
Using Asset Import Pipeline V2.
Refreshing native plugins compatible for Editor in 32.04 ms, found 3 plugins.
Preloading 0 native plugins for Editor in 0.00 ms.
Initialize engine version: 2020.3.15f1 (5e502cb56e17)
[Subsystems] Discovering subsystems at path C:/Users/base0/Downloads/2020.3.15f1/Editor/Data/Resources/UnitySubsystems
[Subsystems] Discovering subsystems at path C:/Users/base0/test/New Unity Project/Assets
GfxDevice: creating device client; threaded=0
Direct3D:
    Version:  Direct3D 11.0 [level 11.1]
    Renderer: NVIDIA GeForce GTX 1660 SUPER (ID=0x21c4)
    Vendor:   
    VRAM:     5991 MB
    Driver:   27.21.14.5671
Initialize mono
Mono path[0] = 'C:/Users/base0/Downloads/2020.3.15f1/Editor/Data/Managed'
Mono path[1] = 'C:/Users/base0/Downloads/2020.3.15f1/Editor/Data/MonoBleedingEdge/lib/mono/unityjit'
Mono config path = 'C:/Users/base0/Downloads/2020.3.15f1/Editor/Data/MonoBleedingEdge/etc'
Using monoOptions --debugger-agent=transport=dt_socket,embedding=1,server=y,suspend=n,address=127.0.0.1:56356
Begin MonoManager ReloadAssembly
Registering precompiled unity dll's ...
Register platform support module: C:/Users/base0/Downloads/2020.3.15f1/Editor/Data/PlaybackEngines/WebGLSupport/UnityEditor.WebGL.Extensions.dll
Register platform support module: C:/Users/base0/Downloads/2020.3.15f1/Editor/Data/PlaybackEngines/WindowsStandaloneSupport/UnityEditor.WindowsStandalone.Extensions.dll
Registered in 0.001673 seconds.
Native extension for WindowsStandalone target not found
Native extension for WebGL target not found
Refreshing native plugins compatible for Editor in 30.47 ms, found 3 plugins.
Preloading 0 native plugins for Editor in 0.00 ms.
Mono: successfully reloaded assembly
- Completed reload, in  0.785 seconds
Domain Reload Profiling:
	ReloadAssembly (785ms)
		BeginReloadAssembly (35ms)
			ExecutionOrderSort (0ms)
			DisableScriptedObjects (0ms)
			BackupInstance (0ms)
			ReleaseScriptingObjects (0ms)
			CreateAndSetChildDomain (1ms)
		EndReloadAssembly (280ms)
			LoadAssemblies (34ms)
			RebuildTransferFunctionScriptingTraits (0ms)
			SetupTypeCache (99ms)
			ReleaseScriptCaches (0ms)
			RebuildScriptCaches (19ms)
			SetupLoadedEditorAssemblies (113ms)
				LogAssemblyErrors (0ms)
				InitializePlatformSupportModulesInManaged (3ms)
				SetLoadedEditorAssemblies (0ms)
				RefreshPlugins (31ms)
				BeforeProcessingInitializeOnLoad (5ms)
				ProcessInitializeOnLoadAttributes (55ms)
				ProcessInitializeOnLoadMethodAttributes (19ms)
				AfterProcessingInitializeOnLoad (0ms)
				EditorAssembliesLoaded (0ms)
			ExecutionOrderSort2 (0ms)
			AwakeInstancesAfterBackupRestoration (0ms)
Platform modules already initialized, skipping
Registering precompiled user dll's ...
Registered in 0.002653 seconds.
Begin MonoManager ReloadAssembly
Native extension for WindowsStandalone target not found
Native extension for WebGL target not found
Refreshing native plugins compatible for Editor in 29.08 ms, found 3 plugins.
Preloading 0 native plugins for Editor in 0.00 ms.
Mono: successfully reloaded assembly
- Completed reload, in  0.787 seconds
Domain Reload Profiling:
	ReloadAssembly (788ms)
		BeginReloadAssembly (91ms)
			ExecutionOrderSort (0ms)
			DisableScriptedObjects (3ms)
			BackupInstance (0ms)
			ReleaseScriptingObjects (0ms)
			CreateAndSetChildDomain (13ms)
		EndReloadAssembly (656ms)
			LoadAssemblies (68ms)
			RebuildTransferFunctionScriptingTraits (0ms)
			SetupTypeCache (185ms)
			ReleaseScriptCaches (0ms)
			RebuildScriptCaches (29ms)
			SetupLoadedEditorAssemblies (291ms)
				LogAssemblyErrors (0ms)
				InitializePlatformSupportModulesInManaged (4ms)
				SetLoadedEditorAssemblies (0ms)
				RefreshPlugins (29ms)
				BeforeProcessingInitializeOnLoad (44ms)
				ProcessInitializeOnLoadAttributes (201ms)
				ProcessInitializeOnLoadMethodAttributes (9ms)
				AfterProcessingInitializeOnLoad (4ms)
				EditorAssembliesLoaded (0ms)
			ExecutionOrderSort2 (0ms)
			AwakeInstancesAfterBackupRestoration (5ms)
Platform modules already initialized, skipping
========================================================================
Worker process is ready to serve import requests
Launched and connected shader compiler UnityShaderCompiler.exe after 0.04 seconds
Refreshing native plugins compatible for Editor in 0.33 ms, found 3 plugins.
Preloading 0 native plugins for Editor in 0.00 ms.
Unloading 2171 Unused Serialized files (Serialized files now loaded: 0)
System memory in use before: 97.6 MB.
System memory in use after: 97.5 MB.

Unloading 33 unused Assets to reduce memory usage. Loaded Objects now: 2605.
Total: 1.709400 ms (FindLiveObjects: 0.132400 ms CreateObjectMapping: 0.042000 ms MarkObjects: 1.443700 ms  DeleteObjects: 0.090700 ms)

AssetImportParameters requested are different than current active one (requested -> active):
  custom:framework-win-MediaFoundation: 216162199b28c13a410421893ffa2e32 -> 
  custom:video-decoder-ogg-theora: a1e56fd34408186e4bbccfd4996cb3dc -> 
  custom:container-muxer-webm: aa71ff27fc2769a1b78a27578f13a17b -> 
  custom:container-demuxer-webm: 4f35f7cbe854078d1ac9338744f61a02 -> 
  custom:container-demuxer-ogg: 62fdf1f143b41e24485cea50d1cbac27 -> 
  custom:video-encoder-webm-vp8: eb34c28f22e8b96e1ab97ce403110664 -> 
  custom:video-decoder-webm-vp8: 9c59270c3fd7afecdb556c50c9e8de78 -> 
  custom:audio-decoder-ogg-vorbis: bf7c407c2cedff20999df2af8eb42d56 -> 
  custom:audio-encoder-webm-vorbis: bf7c407c2cedff20999df2af8eb42d56 -> 
========================================================================
Received Import Request.
  path: Assets/Scenes/test.unity
  artifactKey: Guid(1ba93852b469a7643ae676842becc883) Importer(815301076,1909f56bfc062723c751e8b465ee728b)
Start importing Assets/Scenes/test.unity using Guid(1ba93852b469a7643ae676842becc883) Importer(815301076,1909f56bfc062723c751e8b465ee728b)  -> (artifact id: '6779c42e9f80eaffa1a996db441beb9a') in 0.008736 seconds 
  Import took 0.011310 seconds .

========================================================================
Received Import Request.
  Time since last request: 69.712157 seconds.
  path: Assets/scripts/addscript/maincharascript/chara.png
  artifactKey: Guid(f38a703b54de2d74abc0fbc313baaed6) Importer(815301076,1909f56bfc062723c751e8b465ee728b)
Start importing Assets/scripts/addscript/maincharascript/chara.png using Guid(f38a703b54de2d74abc0fbc313baaed6) Importer(815301076,1909f56bfc062723c751e8b465ee728b)  -> (artifact id: 'cc60dbabfe6664b5ecd120fdf0b0dfe2') in 0.069907 seconds 
  Import took 0.072643 seconds .

========================================================================
Received Import Request.
  Time since last request: 0.000295 seconds.
  path: Assets/scripts/addscript/maincharascript/teki2.png
  artifactKey: Guid(695d19ff5d7400944aecd1cebe49dc81) Importer(815301076,1909f56bfc062723c751e8b465ee728b)
Start importing Assets/scripts/addscript/maincharascript/teki2.png using Guid(695d19ff5d7400944aecd1cebe49dc81) Importer(815301076,1909f56bfc062723c751e8b465ee728b)  -> (artifact id: 'a0f8a278a1a616d36492795257be6895') in 0.019966 seconds 
  Import took 0.022477 seconds .

========================================================================
Received Import Request.
  Time since last request: 0.000301 seconds.
  path: Assets/scripts/addscript/maincharascript/teki1.png
  artifactKey: Guid(41609e5d41d9f874198adc14254c1405) Importer(815301076,1909f56bfc062723c751e8b465ee728b)
Start importing Assets/scripts/addscript/maincharascript/teki1.png using Guid(41609e5d41d9f874198adc14254c1405) Importer(815301076,1909f56bfc062723c751e8b465ee728b)  -> (artifact id: 'f3dc5ba2031d19edb65bc058adc13b14') in 0.020481 seconds 
  Import took 0.022755 seconds .

========================================================================
Received Import Request.
  Time since last request: 42.122088 seconds.
  path: Assets/scripts/addscript/maincharascript/OnKeyPress_MoveGravityPlus.cs
  artifactKey: Guid(9b190d65cb6e7f04d9ed733fee2978be) Importer(815301076,1909f56bfc062723c751e8b465ee728b)
Start importing Assets/scripts/addscript/maincharascript/OnKeyPress_MoveGravityPlus.cs using Guid(9b190d65cb6e7f04d9ed733fee2978be) Importer(815301076,1909f56bfc062723c751e8b465ee728b)  -> (artifact id: '84cae1dd71f19f45ff69850430a4edca') in 0.003654 seconds 
  Import took 0.006393 seconds .

========================================================================
Received Import Request.
  Time since last request: 0.000394 seconds.
  path: Assets/scripts/addscript/maincharascript/OnKeyPress_MoveGravityPlus.cs
  artifactKey: Guid(9b190d65cb6e7f04d9ed733fee2978be) Importer(815301076,1909f56bfc062723c751e8b465ee728b)
Start importing Assets/scripts/addscript/maincharascript/OnKeyPress_MoveGravityPlus.cs using Guid(9b190d65cb6e7f04d9ed733fee2978be) Importer(815301076,1909f56bfc062723c751e8b465ee728b)  -> (artifact id: '84cae1dd71f19f45ff69850430a4edca') in 0.002045 seconds 
  Import took 0.004478 seconds .

========================================================================
Received Import Request.
  Time since last request: 206.255917 seconds.
  path: Assets/scripts/maincharascript 1
  artifactKey: Guid(8a8acbf2080e7de47bb1627f7ce9af0c) Importer(815301076,1909f56bfc062723c751e8b465ee728b)
Start importing Assets/scripts/maincharascript 1 using Guid(8a8acbf2080e7de47bb1627f7ce9af0c) Importer(815301076,1909f56bfc062723c751e8b465ee728b)  -> (artifact id: 'e996b400490acbe57cb7ed5df76876ea') in 0.002527 seconds 
  Import took 0.005445 seconds .

========================================================================
Received Prepare
Registering precompiled user dll's ...
Registered in 0.002593 seconds.
Begin MonoManager ReloadAssembly
Native extension for WindowsStandalone target not found
Native extension for WebGL target not found
Refreshing native plugins compatible for Editor in 0.33 ms, found 3 plugins.
Preloading 0 native plugins for Editor in 0.00 ms.
Mono: successfully reloaded assembly
- Completed reload, in  0.711 seconds
Domain Reload Profiling:
	ReloadAssembly (712ms)
		BeginReloadAssembly (91ms)
			ExecutionOrderSort (0ms)
			DisableScriptedObjects (4ms)
			BackupInstance (0ms)
			ReleaseScriptingObjects (0ms)
			CreateAndSetChildDomain (25ms)
		EndReloadAssembly (581ms)
			LoadAssemblies (57ms)
			RebuildTransferFunctionScriptingTraits (0ms)
			SetupTypeCache (170ms)
			ReleaseScriptCaches (1ms)
			RebuildScriptCaches (27ms)
			SetupLoadedEditorAssemblies (256ms)
				LogAssemblyErrors (0ms)
				InitializePlatformSupportModulesInManaged (4ms)
				SetLoadedEditorAssemblies (0ms)
				RefreshPlugins (0ms)
				BeforeProcessingInitializeOnLoad (42ms)
				ProcessInitializeOnLoadAttributes (200ms)
				ProcessInitializeOnLoadMethodAttributes (4ms)
				AfterProcessingInitializeOnLoad (4ms)
				EditorAssembliesLoaded (0ms)
			ExecutionOrderSort2 (0ms)
			AwakeInstancesAfterBackupRestoration (8ms)
Platform modules already initialized, skipping
Refreshing native plugins compatible for Editor in 0.33 ms, found 3 plugins.
Preloading 0 native plugins for Editor in 0.00 ms.
Unloading 2153 Unused Serialized files (Serialized files now loaded: 0)
System memory in use before: 100.3 MB.
System memory in use after: 100.3 MB.

Unloading 34 unused Assets to reduce memory usage. Loaded Objects now: 2606.
Total: 1.695100 ms (FindLiveObjects: 0.127100 ms CreateObjectMapping: 0.041100 ms MarkObjects: 1.424100 ms  DeleteObjects: 0.102100 ms)

AssetImportParameters requested are different than current active one (requested -> active):
  custom:framework-win-MediaFoundation: 216162199b28c13a410421893ffa2e32 -> 
  custom:video-decoder-ogg-theora: a1e56fd34408186e4bbccfd4996cb3dc -> 
  custom:container-muxer-webm: aa71ff27fc2769a1b78a27578f13a17b -> 
  custom:container-demuxer-webm: 4f35f7cbe854078d1ac9338744f61a02 -> 
  custom:container-demuxer-ogg: 62fdf1f143b41e24485cea50d1cbac27 -> 
  custom:video-encoder-webm-vp8: eb34c28f22e8b96e1ab97ce403110664 -> 
  custom:video-decoder-webm-vp8: 9c59270c3fd7afecdb556c50c9e8de78 -> 
  custom:audio-decoder-ogg-vorbis: bf7c407c2cedff20999df2af8eb42d56 -> 
  custom:audio-encoder-webm-vorbis: bf7c407c2cedff20999df2af8eb42d56 -> 
AssetImportWorkerClient::OnTransportError - code=2 error=End of file
